
> el-mostafa-portfolio@0.0.0 start
> ng serve --host 127.0.0.1 --port 4202

[33m>[39m Building...
[32m√[39m Building...
[1mInitial chunk files[22m[2m | [22m[1mNames[22m                           [2m | [22m [1mRaw size[22m
[32mchunk-TYRIAWH5.js[39m  [2m | [22m[2m-[22m                               [2m | [22m [36m93.17 kB[39m[2m | [22m
[32mstyles.css[39m         [2m | [22m[2mstyles[22m                          [2m | [22m [36m75.54 kB[39m[2m | [22m
[32mmain.js[39m            [2m | [22m[2mmain[22m                            [2m | [22m [36m17.30 kB[39m[2m | [22m
[32mchunk-6XZ6DNXG.js[39m  [2m | [22m[2m-[22m                               [2m | [22m  [36m8.64 kB[39m[2m | [22m
[32mchunk-P42O5FQV.js[39m  [2m | [22m[2m-[22m                               [2m | [22m  [36m7.13 kB[39m[2m | [22m
[32mchunk-RJTH6SAR.js[39m  [2m | [22m[2m-[22m                               [2m | [22m  [36m2.99 kB[39m[2m | [22m
[32mchunk-64D3VKBB.js[39m  [2m | [22m[2m-[22m                               [2m | [22m  [36m2.68 kB[39m[2m | [22m
[32mchunk-Y5LXXRVJ.js[39m  [2m | [22m[2m-[22m                               [2m | [22m  [36m2.05 kB[39m[2m | [22m
[32mchunk-HKZYD5KR.js[39m  [2m | [22m[2m-[22m                               [2m | [22m  [36m1.62 kB[39m[2m | [22m

[1m [22m                  [2m | [22m[1mInitial total[22m                   [2m | [22m[1m211.12 kB[22m

[1mLazy chunk files[22m   [2m | [22m[1mNames[22m                           [2m | [22m [1mRaw size[22m
[32mchunk-D7H6KOSO.js[39m  [2m | [22m[2mpublic-home-component[22m           [2m | [22m[36m256.35 kB[39m[2m | [22m
[32mchunk-3Z4QQFYS.js[39m  [2m | [22m[2m-[22m                               [2m | [22m [36m77.59 kB[39m[2m | [22m
[32mchunk-53DJAKRP.js[39m  [2m | [22m[2madmin-catalog-products-component[22m[2m | [22m [36m63.92 kB[39m[2m | [22m
[32mchunk-M7IAUXDD.js[39m  [2m | [22m[2madmin-quotes-component[22m          [2m | [22m [36m62.53 kB[39m[2m | [22m
[32mchunk-SMSK4BCI.js[39m  [2m | [22m[2madmin-products-component[22m        [2m | [22m [36m58.50 kB[39m[2m | [22m
[32mchunk-NIVVNZR3.js[39m  [2m | [22m[2madmin-resources-component[22m       [2m | [22m [36m57.87 kB[39m[2m | [22m
[32mchunk-WAMIJC37.js[39m  [2m | [22m[2madmin-visual-editor-component[22m   [2m | [22m [36m46.69 kB[39m[2m | [22m
[32mchunk-HM4WINHU.js[39m  [2m | [22m[2madmin-layout-component[22m          [2m | [22m [36m44.53 kB[39m[2m | [22m
[32mchunk-MB7XI4VY.js[39m  [2m | [22m[2madmin-site-content-component[22m    [2m | [22m [36m43.40 kB[39m[2m | [22m
[32mchunk-FNUM25MH.js[39m  [2m | [22m[2madmin-articles-component[22m        [2m | [22m [36m37.83 kB[39m[2m | [22m
[32mchunk-7CMXYEBT.js[39m  [2m | [22m[2madmin-settings-component[22m        [2m | [22m [36m29.70 kB[39m[2m | [22m
[32mchunk-CGP55OGJ.js[39m  [2m | [22m[2madmin-login-component[22m           [2m | [22m [36m28.32 kB[39m[2m | [22m
[32mchunk-WPFYXBGM.js[39m  [2m | [22m[2madmin-origins-component[22m         [2m | [22m [36m27.49 kB[39m[2m | [22m
[32mchunk-MSZ4IBWL.js[39m  [2m | [22m[2madmin-dashboard-component[22m       [2m | [22m [36m24.80 kB[39m[2m | [22m
[32mchunk-UPD336P7.js[39m  [2m | [22m[2madmin-messages-component[22m        [2m | [22m [36m17.39 kB[39m[2m | [22m
[2m...and 25 more lazy chunks files. Use "--verbose" to show all the files.[22m

Application bundle generation complete. [7.719 seconds] - 2026-05-05T14:38:12.086Z

Watch mode enabled. Watching for file changes...
NOTE: Raw file sizes do not reflect development server per-request transformations.
  [32m➜[39m  [1mLocal[22m:   [36mhttp://127.0.0.1:[1m4202[22m/[39m
[33m>[39m Changes detected. Rebuilding...
[32m√[39m Changes detected. Rebuilding...
[1mInitial chunk files[22m[2m | [22m[1mNames[22m                [2m | [22m [1mRaw size[22m
[32mmain.js[39m            [2m | [22m[2mmain[22m                 [2m | [22m [36m17.30 kB[39m[2m | [22m

[1mLazy chunk files[22m   [2m | [22m[1mNames[22m                [2m | [22m [1mRaw size[22m
[32mchunk-DLJKPC7V.js[39m  [2m | [22m[2mpublic-home-component[22m[2m | [22m[36m255.96 kB[39m[2m | [22m

Application bundle generation complete. [4.139 seconds] - 2026-05-05T14:38:53.311Z

Component update sent to client(s).
[33m>[39m Changes detected. Rebuilding...
[32m√[39m Changes detected. Rebuilding...
[1mInitial chunk files[22m[2m | [22m[1mNames[22m                           [2m | [22m [1mRaw size[22m
[32mchunk-GOOAX4N7.js[39m  [2m | [22m[2m-[22m                               [2m | [22m [36m93.49 kB[39m[2m | [22m
[32mmain.js[39m            [2m | [22m[2mmain[22m                            [2m | [22m [36m17.30 kB[39m[2m | [22m
[32mchunk-JH4ZANBO.js[39m  [2m | [22m[2m-[22m                               [2m | [22m  [36m2.05 kB[39m[2m | [22m

[1mLazy chunk files[22m   [2m | [22m[1mNames[22m                           [2m | [22m [1mRaw size[22m
[32mchunk-V52UKCJX.js[39m  [2m | [22m[2mpublic-home-component[22m           [2m | [22m[36m255.96 kB[39m[2m | [22m
[32mchunk-PMJS5PEZ.js[39m  [2m | [22m[2m-[22m                               [2m | [22m [36m77.59 kB[39m[2m | [22m
[32mchunk-WSYU5Y4W.js[39m  [2m | [22m[2madmin-catalog-products-component[22m[2m | [22m [36m63.92 kB[39m[2m | [22m
[32mchunk-VMCTIEBR.js[39m  [2m | [22m[2madmin-quotes-component[22m          [2m | [22m [36m62.53 kB[39m[2m | [22m
[32mchunk-OMJTBNJC.js[39m  [2m | [22m[2madmin-products-component[22m        [2m | [22m [36m58.50 kB[39m[2m | [22m
[32mchunk-PA4N6UZR.js[39m  [2m | [22m[2madmin-resources-component[22m       [2m | [22m [36m57.87 kB[39m[2m | [22m
[32mchunk-MAIK53IP.js[39m  [2m | [22m[2madmin-visual-editor-component[22m   [2m | [22m [36m46.69 kB[39m[2m | [22m
[32mchunk-IVZZ2EUL.js[39m  [2m | [22m[2madmin-layout-component[22m          [2m | [22m [36m44.53 kB[39m[2m | [22m
[32mchunk-ONFMQ53K.js[39m  [2m | [22m[2madmin-site-content-component[22m    [2m | [22m [36m43.40 kB[39m[2m | [22m
[32mchunk-XRFL7SJS.js[39m  [2m | [22m[2madmin-articles-component[22m        [2m | [22m [36m37.83 kB[39m[2m | [22m
[32mchunk-4N4OA2MM.js[39m  [2m | [22m[2madmin-settings-component[22m        [2m | [22m [36m29.70 kB[39m[2m | [22m
[32mchunk-VD25VGNI.js[39m  [2m | [22m[2madmin-origins-component[22m         [2m | [22m [36m27.49 kB[39m[2m | [22m
[32mchunk-LTWD2INK.js[39m  [2m | [22m[2madmin-dashboard-component[22m       [2m | [22m [36m24.80 kB[39m[2m | [22m
[32mchunk-2XNNSCRK.js[39m  [2m | [22m[2madmin-messages-component[22m        [2m | [22m [36m17.39 kB[39m[2m | [22m
[32mchunk-TG3TKNK6.js[39m  [2m | [22m[2madmin-newsletter-component[22m      [2m | [22m [36m16.81 kB[39m[2m | [22m
[2m...and 11 more lazy chunks files. Use "--verbose" to show all the files.[22m

Application bundle generation complete. [1.344 seconds] - 2026-05-05T14:41:44.658Z

Page reload sent to client(s).
[33m>[39m Changes detected. Rebuilding...
[32m√[39m Changes detected. Rebuilding...
[1mInitial chunk files[22m[2m | [22m[1mNames[22m                [2m | [22m [1mRaw size[22m
[32mmain.js[39m            [2m | [22m[2mmain[22m                 [2m | [22m [36m17.30 kB[39m[2m | [22m

[1mLazy chunk files[22m   [2m | [22m[1mNames[22m                [2m | [22m [1mRaw size[22m
[32mchunk-YE4Y6TJI.js[39m  [2m | [22m[2mpublic-home-component[22m[2m | [22m[36m259.82 kB[39m[2m | [22m

Application bundle generation complete. [0.887 seconds] - 2026-05-05T14:43:57.435Z

Page reload sent to client(s).
[33m>[39m Changes detected. Rebuilding...
[32m√[39m Changes detected. Rebuilding...
[1mInitial chunk files[22m[2m | [22m[1mNames[22m                [2m | [22m [1mRaw size[22m
[32mmain.js[39m            [2m | [22m[2mmain[22m                 [2m | [22m [36m18.94 kB[39m[2m | [22m
[32mchunk-BQV2QF3R.js[39m  [2m | [22m[2m-[22m                    [2m | [22m  [36m1.13 kB[39m[2m | [22m

[1mLazy chunk files[22m   [2m | [22m[1mNames[22m                [2m | [22m [1mRaw size[22m
[32mchunk-LPMF6DVM.js[39m  [2m | [22m[2mpublic-home-component[22m[2m | [22m[36m195.06 kB[39m[2m | [22m

Application bundle generation complete. [1.040 seconds] - 2026-05-05T14:48:33.478Z

Page reload sent to client(s).
[33m>[39m Changes detected. Rebuilding...
[32m√[39m Changes detected. Rebuilding...
[1mInitial chunk files[22m[2m | [22m[1mNames[22m                           [2m | [22m [1mRaw size[22m
[32mmain.js[39m            [2m | [22m[2mmain[22m                            [2m | [22m [36m18.94 kB[39m[2m | [22m

[1mLazy chunk files[22m   [2m | [22m[1mNames[22m                           [2m | [22m [1mRaw size[22m
[32mchunk-6SGBU7AA.js[39m  [2m | [22m[2mpublic-home-component[22m           [2m | [22m[36m195.06 kB[39m[2m | [22m
[32mchunk-6ZCDXF5W.js[39m  [2m | [22m[2m-[22m                               [2m | [22m [36m75.94 kB[39m[2m | [22m
[32mchunk-5AQCJWGT.js[39m  [2m | [22m[2mquote-form-component[22m            [2m | [22m [36m14.71 kB[39m[2m | [22m
[32mchunk-UCJVNOLM.js[39m  [2m | [22m[2mblog-list-component[22m             [2m | [22m [36m13.64 kB[39m[2m | [22m
[32mchunk-MHUEY22K.js[39m  [2m | [22m[2mcatalog-list-component[22m          [2m | [22m [36m13.42 kB[39m[2m | [22m
[32mchunk-ZS2KCPVC.js[39m  [2m | [22m[2mcatalog-detail-component[22m        [2m | [22m [36m12.31 kB[39m[2m | [22m
[32mchunk-GV57AURX.js[39m  [2m | [22m[2mnewsletter-unsubscribe-component[22m[2m | [22m [36m10.45 kB[39m[2m | [22m
[32mchunk-GK3WNNSU.js[39m  [2m | [22m[2marticle-detail-component[22m        [2m | [22m  [36m7.96 kB[39m[2m | [22m
[32mchunk-JPPTXD2C.js[39m  [2m | [22m[2mnewsletter-confirm-component[22m    [2m | [22m  [36m5.89 kB[39m[2m | [22m
[32mchunk-QB57WYQC.js[39m  [2m | [22m[2mstatic-page-component[22m           [2m | [22m  [36m5.55 kB[39m[2m | [22m

Application bundle generation complete. [1.168 seconds] - 2026-05-05T14:48:45.613Z

Component update sent to client(s).
[33m>[39m Changes detected. Rebuilding...
[32m√[39m Changes detected. Rebuilding...
[1mInitial chunk files[22m[2m | [22m[1mNames[22m                [2m | [22m [1mRaw size[22m
[32mmain.js[39m            [2m | [22m[2mmain[22m                 [2m | [22m [36m18.94 kB[39m[2m | [22m

[1mLazy chunk files[22m   [2m | [22m[1mNames[22m                [2m | [22m [1mRaw size[22m
[32mchunk-UJL35CYB.js[39m  [2m | [22m[2mpublic-home-component[22m[2m | [22m[36m195.09 kB[39m[2m | [22m

Application bundle generation complete. [1.129 seconds] - 2026-05-05T14:48:56.325Z

Page reload sent to client(s).
[33m>[39m Changes detected. Rebuilding...
[32m√[39m Changes detected. Rebuilding...
[1mInitial chunk files[22m[2m | [22m[1mNames[22m                           [2m | [22m [1mRaw size[22m
[32mmain.js[39m            [2m | [22m[2mmain[22m                            [2m | [22m [36m18.94 kB[39m[2m | [22m

[1mLazy chunk files[22m   [2m | [22m[1mNames[22m                           [2m | [22m [1mRaw size[22m
[32mchunk-SFPHTBAC.js[39m  [2m | [22m[2mpublic-home-component[22m           [2m | [22m[36m195.09 kB[39m[2m | [22m
[32mchunk-PLYZGOGQ.js[39m  [2m | [22m[2m-[22m                               [2m | [22m [36m75.94 kB[39m[2m | [22m
[32mchunk-DGHQGAUW.js[39m  [2m | [22m[2madmin-visual-editor-component[22m   [2m | [22m [36m46.69 kB[39m[2m | [22m
[32mchunk-WDZ7QPIG.js[39m  [2m | [22m[2madmin-site-content-component[22m    [2m | [22m [36m43.40 kB[39m[2m | [22m
[32mchunk-5XTOOPPT.js[39m  [2m | [22m[2mquote-form-component[22m            [2m | [22m [36m14.71 kB[39m[2m | [22m
[32mchunk-A262CEMQ.js[39m  [2m | [22m[2mblog-list-component[22m             [2m | [22m [36m13.64 kB[39m[2m | [22m
[32mchunk-77M56EKK.js[39m  [2m | [22m[2mcatalog-list-component[22m          [2m | [22m [36m13.42 kB[39m[2m | [22m
[32mchunk-GO7RADTF.js[39m  [2m | [22m[2mcatalog-detail-component[22m        [2m | [22m [36m12.31 kB[39m[2m | [22m
[32mchunk-E5BTAKDE.js[39m  [2m | [22m[2mnewsletter-unsubscribe-component[22m[2m | [22m [36m10.45 kB[39m[2m | [22m
[32mchunk-I4DK6HRL.js[39m  [2m | [22m[2m-[22m                               [2m | [22m [36m10.03 kB[39m[2m | [22m
[32mchunk-4RQ3VWNJ.js[39m  [2m | [22m[2marticle-detail-component[22m        [2m | [22m  [36m7.96 kB[39m[2m | [22m
[32mchunk-EMG5AGNM.js[39m  [2m | [22m[2mnewsletter-confirm-component[22m    [2m | [22m  [36m5.89 kB[39m[2m | [22m
[32mchunk-YG2VYUNP.js[39m  [2m | [22m[2mstatic-page-component[22m           [2m | [22m  [36m5.55 kB[39m[2m | [22m

Application bundle generation complete. [0.971 seconds] - 2026-05-05T14:49:07.658Z

Page reload sent to client(s).
[33m>[39m Changes detected. Rebuilding...
[32m√[39m Changes detected. Rebuilding...
[1mInitial chunk files[22m[2m | [22m[1mNames[22m                           [2m | [22m [1mRaw size[22m
[32mchunk-MKGEA7DY.js[39m  [2m | [22m[2m-[22m                               [2m | [22m [36m93.82 kB[39m[2m | [22m
[32mmain.js[39m            [2m | [22m[2mmain[22m                            [2m | [22m [36m18.94 kB[39m[2m | [22m
[32mchunk-ONDDI6KP.js[39m  [2m | [22m[2m-[22m                               [2m | [22m  [36m2.05 kB[39m[2m | [22m

[1mLazy chunk files[22m   [2m | [22m[1mNames[22m                           [2m | [22m [1mRaw size[22m
[32mchunk-EYDIJJ47.js[39m  [2m | [22m[2mpublic-home-component[22m           [2m | [22m[36m195.09 kB[39m[2m | [22m
[32mchunk-K4WLBLG3.js[39m  [2m | [22m[2m-[22m                               [2m | [22m [36m75.94 kB[39m[2m | [22m
[32mchunk-SYWT4YI7.js[39m  [2m | [22m[2madmin-catalog-products-component[22m[2m | [22m [36m63.92 kB[39m[2m | [22m
[32mchunk-SW4G2HMU.js[39m  [2m | [22m[2madmin-quotes-component[22m          [2m | [22m [36m62.53 kB[39m[2m | [22m
[32mchunk-D4VSGMH6.js[39m  [2m | [22m[2madmin-products-component[22m        [2m | [22m [36m58.50 kB[39m[2m | [22m
[32mchunk-WNBW5G3L.js[39m  [2m | [22m[2madmin-resources-component[22m       [2m | [22m [36m57.87 kB[39m[2m | [22m
[32mchunk-U5MTKXSX.js[39m  [2m | [22m[2madmin-visual-editor-component[22m   [2m | [22m [36m46.69 kB[39m[2m | [22m
[32mchunk-TAGPS5T4.js[39m  [2m | [22m[2madmin-layout-component[22m          [2m | [22m [36m44.53 kB[39m[2m | [22m
[32mchunk-PJRRLGAS.js[39m  [2m | [22m[2madmin-site-content-component[22m    [2m | [22m [36m43.40 kB[39m[2m | [22m
[32mchunk-DQQYCOWQ.js[39m  [2m | [22m[2madmin-articles-component[22m        [2m | [22m [36m37.83 kB[39m[2m | [22m
[32mchunk-GJH32O42.js[39m  [2m | [22m[2madmin-settings-component[22m        [2m | [22m [36m29.70 kB[39m[2m | [22m
[32mchunk-2W4RYQRC.js[39m  [2m | [22m[2madmin-origins-component[22m         [2m | [22m [36m27.49 kB[39m[2m | [22m
[32mchunk-KRMT34TO.js[39m  [2m | [22m[2madmin-dashboard-component[22m       [2m | [22m [36m24.80 kB[39m[2m | [22m
[32mchunk-L2OXTAE4.js[39m  [2m | [22m[2madmin-messages-component[22m        [2m | [22m [36m17.39 kB[39m[2m | [22m
[32mchunk-P2AKO7QN.js[39m  [2m | [22m[2madmin-newsletter-component[22m      [2m | [22m [36m16.81 kB[39m[2m | [22m
[2m...and 11 more lazy chunks files. Use "--verbose" to show all the files.[22m

Application bundle generation complete. [0.438 seconds] - 2026-05-05T14:49:26.821Z

Page reload sent to client(s).
[33m>[39m Changes detected. Rebuilding...
[32m√[39m Changes detected. Rebuilding...
[1mInitial chunk files[22m[2m | [22m[1mNames[22m                           [2m | [22m [1mRaw size[22m
[32mchunk-Z754RMLO.js[39m  [2m | [22m[2m-[22m                               [2m | [22m [36m93.75 kB[39m[2m | [22m
[32mmain.js[39m            [2m | [22m[2mmain[22m                            [2m | [22m [36m18.94 kB[39m[2m | [22m
[32mchunk-BQNBOAAZ.js[39m  [2m | [22m[2m-[22m                               [2m | [22m  [36m2.05 kB[39m[2m | [22m

[1mLazy chunk files[22m   [2m | [22m[1mNames[22m                           [2m | [22m [1mRaw size[22m
[32mchunk-6HOSCDMQ.js[39m  [2m | [22m[2mpublic-home-component[22m           [2m | [22m[36m195.09 kB[39m[2m | [22m
[32mchunk-FMWT6NOB.js[39m  [2m | [22m[2m-[22m                               [2m | [22m [36m75.94 kB[39m[2m | [22m
[32mchunk-6BC3TFJP.js[39m  [2m | [22m[2madmin-catalog-products-component[22m[2m | [22m [36m63.92 kB[39m[2m | [22m
[32mchunk-IRZI7LAW.js[39m  [2m | [22m[2madmin-quotes-component[22m          [2m | [22m [36m62.53 kB[39m[2m | [22m
[32mchunk-5NGHF6ZI.js[39m  [2m | [22m[2madmin-products-component[22m        [2m | [22m [36m58.50 kB[39m[2m | [22m
[32mchunk-AFT47N7E.js[39m  [2m | [22m[2madmin-resources-component[22m       [2m | [22m [36m57.87 kB[39m[2m | [22m
[32mchunk-6ROCRTQL.js[39m  [2m | [22m[2madmin-visual-editor-component[22m   [2m | [22m [36m46.69 kB[39m[2m | [22m
[32mchunk-24ZI47PH.js[39m  [2m | [22m[2madmin-layout-component[22m          [2m | [22m [36m44.53 kB[39m[2m | [22m
[32mchunk-XM2IHWMI.js[39m  [2m | [22m[2madmin-site-content-component[22m    [2m | [22m [36m43.40 kB[39m[2m | [22m
[32mchunk-U4X3TXIN.js[39m  [2m | [22m[2madmin-articles-component[22m        [2m | [22m [36m37.83 kB[39m[2m | [22m
[32mchunk-QRZOHYEO.js[39m  [2m | [22m[2madmin-settings-component[22m        [2m | [22m [36m29.70 kB[39m[2m | [22m
[32mchunk-RQZQ4IEU.js[39m  [2m | [22m[2madmin-origins-component[22m         [2m | [22m [36m27.49 kB[39m[2m | [22m
[32mchunk-2DGTG2GP.js[39m  [2m | [22m[2madmin-dashboard-component[22m       [2m | [22m [36m24.80 kB[39m[2m | [22m
[32mchunk-WKQHOEMS.js[39m  [2m | [22m[2madmin-messages-component[22m        [2m | [22m [36m17.39 kB[39m[2m | [22m
[32mchunk-VAHQQJ7P.js[39m  [2m | [22m[2madmin-newsletter-component[22m      [2m | [22m [36m16.81 kB[39m[2m | [22m
[2m...and 11 more lazy chunks files. Use "--verbose" to show all the files.[22m

Application bundle generation complete. [0.577 seconds] - 2026-05-05T14:49:45.332Z

Page reload sent to client(s).
[33m>[39m Changes detected. Rebuilding...
[32m√[39m Changes detected. Rebuilding...
[1mInitial chunk files[22m[2m | [22m[1mNames[22m                           [2m | [22m [1mRaw size[22m
[32mchunk-QUWJ5C5G.js[39m  [2m | [22m[2m-[22m                               [2m | [22m [36m93.74 kB[39m[2m | [22m
[32mmain.js[39m            [2m | [22m[2mmain[22m                            [2m | [22m [36m18.94 kB[39m[2m | [22m
[32mchunk-AJQJPCSJ.js[39m  [2m | [22m[2m-[22m                               [2m | [22m  [36m2.05 kB[39m[2m | [22m

[1mLazy chunk files[22m   [2m | [22m[1mNames[22m                           [2m | [22m [1mRaw size[22m
[32mchunk-KS2TLU7H.js[39m  [2m | [22m[2mpublic-home-component[22m           [2m | [22m[36m195.09 kB[39m[2m | [22m
[32mchunk-S3ZH6LXV.js[39m  [2m | [22m[2m-[22m                               [2m | [22m [36m75.94 kB[39m[2m | [22m
[32mchunk-MPFW3ZFY.js[39m  [2m | [22m[2madmin-catalog-products-component[22m[2m | [22m [36m63.92 kB[39m[2m | [22m
[32mchunk-K5CTRUOW.js[39m  [2m | [22m[2madmin-quotes-component[22m          [2m | [22m [36m62.53 kB[39m[2m | [22m
[32mchunk-MCTD6S63.js[39m  [2m | [22m[2madmin-products-component[22m        [2m | [22m [36m58.50 kB[39m[2m | [22m
[32mchunk-JCPEHGWU.js[39m  [2m | [22m[2madmin-resources-component[22m       [2m | [22m [36m57.87 kB[39m[2m | [22m
[32mchunk-SZFKMYGL.js[39m  [2m | [22m[2madmin-visual-editor-component[22m   [2m | [22m [36m46.69 kB[39m[2m | [22m
[32mchunk-7LF7OBPF.js[39m  [2m | [22m[2madmin-layout-component[22m          [2m | [22m [36m44.53 kB[39m[2m | [22m
[32mchunk-CQFAE7RH.js[39m  [2m | [22m[2madmin-site-content-component[22m    [2m | [22m [36m43.40 kB[39m[2m | [22m
[32mchunk-42J7JIUP.js[39m  [2m | [22m[2madmin-articles-component[22m        [2m | [22m [36m37.83 kB[39m[2m | [22m
[32mchunk-SF2H77FF.js[39m  [2m | [22m[2madmin-settings-component[22m        [2m | [22m [36m29.70 kB[39m[2m | [22m
[32mchunk-FGEKBR2Y.js[39m  [2m | [22m[2madmin-origins-component[22m         [2m | [22m [36m27.49 kB[39m[2m | [22m
[32mchunk-3F6K5V4H.js[39m  [2m | [22m[2madmin-dashboard-component[22m       [2m | [22m [36m24.80 kB[39m[2m | [22m
[32mchunk-YMGZKPR6.js[39m  [2m | [22m[2madmin-messages-component[22m        [2m | [22m [36m17.39 kB[39m[2m | [22m
[32mchunk-C4TOIUZX.js[39m  [2m | [22m[2madmin-newsletter-component[22m      [2m | [22m [36m16.81 kB[39m[2m | [22m
[2m...and 11 more lazy chunks files. Use "--verbose" to show all the files.[22m

Application bundle generation complete. [0.562 seconds] - 2026-05-05T14:49:57.148Z

Page reload sent to client(s).
[33m>[39m Changes detected. Rebuilding...
[32m√[39m Changes detected. Rebuilding...
[1mInitial chunk files[22m[2m | [22m[1mNames[22m                 [2m | [22m[1mRaw size[22m
[32mmain.js[39m            [2m | [22m[2mmain[22m                  [2m | [22m[36m17.11 kB[39m[2m | [22m
[32mchunk-SNNKGBVP.js[39m  [2m | [22m[2m-[22m                     [2m | [22m [36m1.96 kB[39m[2m | [22m

[1mLazy chunk files[22m   [2m | [22m[1mNames[22m                 [2m | [22m[1mRaw size[22m
[32mchunk-RSU7QAUE.js[39m  [2m | [22m[2mcatalog-list-component[22m[2m | [22m[36m16.77 kB[39m[2m | [22m

Application bundle generation complete. [0.892 seconds] - 2026-05-05T14:53:16.920Z

Page reload sent to client(s).
[33m>[39m Changes detected. Rebuilding...
[32m√[39m Changes detected. Rebuilding...
[1mInitial chunk files[22m[2m | [22m[1mNames[22m                           [2m | [22m [1mRaw size[22m
[32mchunk-QUWJ5C5G.js[39m  [2m | [22m[2m-[22m                               [2m | [22m [36m93.74 kB[39m[2m | [22m
[32mstyles.css[39m         [2m | [22m[2mstyles[22m                          [2m | [22m [36m75.54 kB[39m[2m | [22m
[32mmain.js[39m            [2m | [22m[2mmain[22m                            [2m | [22m [36m17.11 kB[39m[2m | [22m
[32mchunk-6XZ6DNXG.js[39m  [2m | [22m[2m-[22m                               [2m | [22m  [36m8.64 kB[39m[2m | [22m
[32mchunk-P42O5FQV.js[39m  [2m | [22m[2m-[22m                               [2m | [22m  [36m7.13 kB[39m[2m | [22m
[32mchunk-64D3VKBB.js[39m  [2m | [22m[2m-[22m                               [2m | [22m  [36m2.68 kB[39m[2m | [22m
[32mchunk-AJQJPCSJ.js[39m  [2m | [22m[2m-[22m                               [2m | [22m  [36m2.05 kB[39m[2m | [22m
[32mchunk-SNNKGBVP.js[39m  [2m | [22m[2m-[22m                               [2m | [22m  [36m1.96 kB[39m[2m | [22m
[32mchunk-HKZYD5KR.js[39m  [2m | [22m[2m-[22m                               [2m | [22m  [36m1.62 kB[39m[2m | [22m
[32mchunk-BQV2QF3R.js[39m  [2m | [22m[2m-[22m                               [2m | [22m  [36m1.13 kB[39m[2m | [22m

[1m [22m                  [2m | [22m[1mInitial total[22m                   [2m | [22m[1m211.60 kB[22m

[1mLazy chunk files[22m   [2m | [22m[1mNames[22m                           [2m | [22m [1mRaw size[22m
[32mchunk-KS2TLU7H.js[39m  [2m | [22m[2mpublic-home-component[22m           [2m | [22m[36m195.09 kB[39m[2m | [22m
[32mchunk-S3ZH6LXV.js[39m  [2m | [22m[2m-[22m                               [2m | [22m [36m75.94 kB[39m[2m | [22m
[32mchunk-MPFW3ZFY.js[39m  [2m | [22m[2madmin-catalog-products-component[22m[2m | [22m [36m63.92 kB[39m[2m | [22m
[32mchunk-K5CTRUOW.js[39m  [2m | [22m[2madmin-quotes-component[22m          [2m | [22m [36m62.53 kB[39m[2m | [22m
[32mchunk-MCTD6S63.js[39m  [2m | [22m[2madmin-products-component[22m        [2m | [22m [36m58.50 kB[39m[2m | [22m
[32mchunk-JCPEHGWU.js[39m  [2m | [22m[2madmin-resources-component[22m       [2m | [22m [36m57.87 kB[39m[2m | [22m
[32mchunk-SZFKMYGL.js[39m  [2m | [22m[2madmin-visual-editor-component[22m   [2m | [22m [36m46.69 kB[39m[2m | [22m
[32mchunk-7LF7OBPF.js[39m  [2m | [22m[2madmin-layout-component[22m          [2m | [22m [36m44.53 kB[39m[2m | [22m
[32mchunk-CQFAE7RH.js[39m  [2m | [22m[2madmin-site-content-component[22m    [2m | [22m [36m43.40 kB[39m[2m | [22m
[32mchunk-42J7JIUP.js[39m  [2m | [22m[2madmin-articles-component[22m        [2m | [22m [36m37.83 kB[39m[2m | [22m
[32mchunk-SF2H77FF.js[39m  [2m | [22m[2madmin-settings-component[22m        [2m | [22m [36m29.70 kB[39m[2m | [22m
[32mchunk-CGP55OGJ.js[39m  [2m | [22m[2madmin-login-component[22m           [2m | [22m [36m28.32 kB[39m[2m | [22m
[32mchunk-FGEKBR2Y.js[39m  [2m | [22m[2madmin-origins-component[22m         [2m | [22m [36m27.49 kB[39m[2m | [22m
[32mchunk-3F6K5V4H.js[39m  [2m | [22m[2madmin-dashboard-component[22m       [2m | [22m [36m24.80 kB[39m[2m | [22m
[32mchunk-YMGZKPR6.js[39m  [2m | [22m[2madmin-messages-component[22m        [2m | [22m [36m17.39 kB[39m[2m | [22m
[2m...and 25 more lazy chunks files. Use "--verbose" to show all the files.[22m

Application bundle generation complete. [0.014 seconds] - 2026-05-05T14:56:02.493Z

Page reload sent to client(s).
[33m>[39m Changes detected. Rebuilding...
[32m√[39m Changes detected. Rebuilding...
[1mInitial chunk files[22m[2m | [22m[1mNames[22m                           [2m | [22m [1mRaw size[22m
[32mchunk-QUWJ5C5G.js[39m  [2m | [22m[2m-[22m                               [2m | [22m [36m93.74 kB[39m[2m | [22m
[32mstyles.css[39m         [2m | [22m[2mstyles[22m                          [2m | [22m [36m75.54 kB[39m[2m | [22m
[32mmain.js[39m            [2m | [22m[2mmain[22m                            [2m | [22m [36m17.11 kB[39m[2m | [22m
[32mchunk-6XZ6DNXG.js[39m  [2m | [22m[2m-[22m                               [2m | [22m  [36m8.64 kB[39m[2m | [22m
[32mchunk-P42O5FQV.js[39m  [2m | [22m[2m-[22m                               [2m | [22m  [36m7.13 kB[39m[2m | [22m
[32mchunk-64D3VKBB.js[39m  [2m | [22m[2m-[22m                               [2m | [22m  [36m2.68 kB[39m[2m | [22m
[32mchunk-AJQJPCSJ.js[39m  [2m | [22m[2m-[22m                               [2m | [22m  [36m2.05 kB[39m[2m | [22m
[32mchunk-SNNKGBVP.js[39m  [2m | [22m[2m-[22m                               [2m | [22m  [36m1.96 kB[39m[2m | [22m
[32mchunk-HKZYD5KR.js[39m  [2m | [22m[2m-[22m                               [2m | [22m  [36m1.62 kB[39m[2m | [22m
[32mchunk-BQV2QF3R.js[39m  [2m | [22m[2m-[22m                               [2m | [22m  [36m1.13 kB[39m[2m | [22m

[1m [22m                  [2m | [22m[1mInitial total[22m                   [2m | [22m[1m211.60 kB[22m

[1mLazy chunk files[22m   [2m | [22m[1mNames[22m                           [2m | [22m [1mRaw size[22m
[32mchunk-KS2TLU7H.js[39m  [2m | [22m[2mpublic-home-component[22m           [2m | [22m[36m195.09 kB[39m[2m | [22m
[32mchunk-S3ZH6LXV.js[39m  [2m | [22m[2m-[22m                               [2m | [22m [36m75.94 kB[39m[2m | [22m
[32mchunk-MPFW3ZFY.js[39m  [2m | [22m[2madmin-catalog-products-component[22m[2m | [22m [36m63.92 kB[39m[2m | [22m
[32mchunk-K5CTRUOW.js[39m  [2m | [22m[2madmin-quotes-component[22m          [2m | [22m [36m62.53 kB[39m[2m | [22m
[32mchunk-MCTD6S63.js[39m  [2m | [22m[2madmin-products-component[22m        [2m | [22m [36m58.50 kB[39m[2m | [22m
[32mchunk-JCPEHGWU.js[39m  [2m | [22m[2madmin-resources-component[22m       [2m | [22m [36m57.87 kB[39m[2m | [22m
[32mchunk-SZFKMYGL.js[39m  [2m | [22m[2madmin-visual-editor-component[22m   [2m | [22m [36m46.69 kB[39m[2m | [22m
[32mchunk-7LF7OBPF.js[39m  [2m | [22m[2madmin-layout-component[22m          [2m | [22m [36m44.53 kB[39m[2m | [22m
[32mchunk-CQFAE7RH.js[39m  [2m | [22m[2madmin-site-content-component[22m    [2m | [22m [36m43.40 kB[39m[2m | [22m
[32mchunk-42J7JIUP.js[39m  [2m | [22m[2madmin-articles-component[22m        [2m | [22m [36m37.83 kB[39m[2m | [22m
[32mchunk-SF2H77FF.js[39m  [2m | [22m[2madmin-settings-component[22m        [2m | [22m [36m29.70 kB[39m[2m | [22m
[32mchunk-CGP55OGJ.js[39m  [2m | [22m[2madmin-login-component[22m           [2m | [22m [36m28.32 kB[39m[2m | [22m
[32mchunk-FGEKBR2Y.js[39m  [2m | [22m[2madmin-origins-component[22m         [2m | [22m [36m27.49 kB[39m[2m | [22m
[32mchunk-3F6K5V4H.js[39m  [2m | [22m[2madmin-dashboard-component[22m       [2m | [22m [36m24.80 kB[39m[2m | [22m
[32mchunk-YMGZKPR6.js[39m  [2m | [22m[2madmin-messages-component[22m        [2m | [22m [36m17.39 kB[39m[2m | [22m
[2m...and 25 more lazy chunks files. Use "--verbose" to show all the files.[22m

Application bundle generation complete. [0.013 seconds] - 2026-05-05T14:56:07.706Z

Page reload sent to client(s).
[33m>[39m Changes detected. Rebuilding...
[32m√[39m Changes detected. Rebuilding...
[1mInitial chunk files[22m[2m | [22m[1mNames[22m                           [2m | [22m [1mRaw size[22m
[32mchunk-QUWJ5C5G.js[39m  [2m | [22m[2m-[22m                               [2m | [22m [36m93.74 kB[39m[2m | [22m
[32mstyles.css[39m         [2m | [22m[2mstyles[22m                          [2m | [22m [36m75.54 kB[39m[2m | [22m
[32mmain.js[39m            [2m | [22m[2mmain[22m                            [2m | [22m [36m17.11 kB[39m[2m | [22m
[32mchunk-6XZ6DNXG.js[39m  [2m | [22m[2m-[22m                               [2m | [22m  [36m8.64 kB[39m[2m | [22m
[32mchunk-P42O5FQV.js[39m  [2m | [22m[2m-[22m                               [2m | [22m  [36m7.13 kB[39m[2m | [22m
[32mchunk-64D3VKBB.js[39m  [2m | [22m[2m-[22m                               [2m | [22m  [36m2.68 kB[39m[2m | [22m
[32mchunk-AJQJPCSJ.js[39m  [2m | [22m[2m-[22m                               [2m | [22m  [36m2.05 kB[39m[2m | [22m
[32mchunk-SNNKGBVP.js[39m  [2m | [22m[2m-[22m                               [2m | [22m  [36m1.96 kB[39m[2m | [22m
[32mchunk-HKZYD5KR.js[39m  [2m | [22m[2m-[22m                               [2m | [22m  [36m1.62 kB[39m[2m | [22m
[32mchunk-BQV2QF3R.js[39m  [2m | [22m[2m-[22m                               [2m | [22m  [36m1.13 kB[39m[2m | [22m

[1m [22m                  [2m | [22m[1mInitial total[22m                   [2m | [22m[1m211.60 kB[22m

[1mLazy chunk files[22m   [2m | [22m[1mNames[22m                           [2m | [22m [1mRaw size[22m
[32mchunk-KS2TLU7H.js[39m  [2m | [22m[2mpublic-home-component[22m           [2m | [22m[36m195.09 kB[39m[2m | [22m
[32mchunk-S3ZH6LXV.js[39m  [2m | [22m[2m-[22m                               [2m | [22m [36m75.94 kB[39m[2m | [22m
[32mchunk-MPFW3ZFY.js[39m  [2m | [22m[2madmin-catalog-products-component[22m[2m | [22m [36m63.92 kB[39m[2m | [22m
[32mchunk-K5CTRUOW.js[39m  [2m | [22m[2madmin-quotes-component[22m          [2m | [22m [36m62.53 kB[39m[2m | [22m
[32mchunk-MCTD6S63.js[39m  [2m | [22m[2madmin-products-component[22m        [2m | [22m [36m58.50 kB[39m[2m | [22m
[32mchunk-JCPEHGWU.js[39m  [2m | [22m[2madmin-resources-component[22m       [2m | [22m [36m57.87 kB[39m[2m | [22m
[32mchunk-SZFKMYGL.js[39m  [2m | [22m[2madmin-visual-editor-component[22m   [2m | [22m [36m46.69 kB[39m[2m | [22m
[32mchunk-7LF7OBPF.js[39m  [2m | [22m[2madmin-layout-component[22m          [2m | [22m [36m44.53 kB[39m[2m | [22m
[32mchunk-CQFAE7RH.js[39m  [2m | [22m[2madmin-site-content-component[22m    [2m | [22m [36m43.40 kB[39m[2m | [22m
[32mchunk-42J7JIUP.js[39m  [2m | [22m[2madmin-articles-component[22m        [2m | [22m [36m37.83 kB[39m[2m | [22m
[32mchunk-SF2H77FF.js[39m  [2m | [22m[2madmin-settings-component[22m        [2m | [22m [36m29.70 kB[39m[2m | [22m
[32mchunk-CGP55OGJ.js[39m  [2m | [22m[2madmin-login-component[22m           [2m | [22m [36m28.32 kB[39m[2m | [22m
[32mchunk-FGEKBR2Y.js[39m  [2m | [22m[2madmin-origins-component[22m         [2m | [22m [36m27.49 kB[39m[2m | [22m
[32mchunk-3F6K5V4H.js[39m  [2m | [22m[2madmin-dashboard-component[22m       [2m | [22m [36m24.80 kB[39m[2m | [22m
[32mchunk-YMGZKPR6.js[39m  [2m | [22m[2madmin-messages-component[22m        [2m | [22m [36m17.39 kB[39m[2m | [22m
[2m...and 25 more lazy chunks files. Use "--verbose" to show all the files.[22m

Application bundle generation complete. [0.011 seconds] - 2026-05-05T14:56:08.783Z

Page reload sent to client(s).
[33m>[39m Changes detected. Rebuilding...
[32m√[39m Changes detected. Rebuilding...
[1mInitial chunk files[22m[2m | [22m[1mNames[22m                 [2m | [22m[1mRaw size[22m
[32mmain.js[39m            [2m | [22m[2mmain[22m                  [2m | [22m[36m18.94 kB[39m[2m | [22m

[1mLazy chunk files[22m   [2m | [22m[1mNames[22m                 [2m | [22m[1mRaw size[22m
[32mchunk-TDYV5473.js[39m  [2m | [22m[2mcatalog-list-component[22m[2m | [22m[36m15.55 kB[39m[2m | [22m

Application bundle generation complete. [1.277 seconds] - 2026-05-05T14:56:37.047Z

Page reload sent to client(s).
[33m>[39m Changes detected. Rebuilding...
[32m√[39m Changes detected. Rebuilding...
[1mInitial chunk files[22m[2m | [22m[1mNames[22m                 [2m | [22m[1mRaw size[22m
[32mmain.js[39m            [2m | [22m[2mmain[22m                  [2m | [22m[36m18.94 kB[39m[2m | [22m

[1mLazy chunk files[22m   [2m | [22m[1mNames[22m                 [2m | [22m[1mRaw size[22m
[32mchunk-JTEM7Y6P.js[39m  [2m | [22m[2mcatalog-list-component[22m[2m | [22m[36m15.55 kB[39m[2m | [22m

Application bundle generation complete. [0.858 seconds] - 2026-05-05T14:57:05.069Z

Page reload sent to client(s).
[33m>[39m Changes detected. Rebuilding...
[32m√[39m Changes detected. Rebuilding...
[1mInitial chunk files[22m[2m | [22m[1mNames[22m                           [2m | [22m [1mRaw size[22m
[32mchunk-QUWJ5C5G.js[39m  [2m | [22m[2m-[22m                               [2m | [22m [36m93.74 kB[39m[2m | [22m
[32mstyles.css[39m         [2m | [22m[2mstyles[22m                          [2m | [22m [36m75.54 kB[39m[2m | [22m
[32mmain.js[39m            [2m | [22m[2mmain[22m                            [2m | [22m [36m18.94 kB[39m[2m | [22m
[32mchunk-6XZ6DNXG.js[39m  [2m | [22m[2m-[22m                               [2m | [22m  [36m8.64 kB[39m[2m | [22m
[32mchunk-P42O5FQV.js[39m  [2m | [22m[2m-[22m                               [2m | [22m  [36m7.13 kB[39m[2m | [22m
[32mchunk-64D3VKBB.js[39m  [2m | [22m[2m-[22m                               [2m | [22m  [36m2.68 kB[39m[2m | [22m
[32mchunk-AJQJPCSJ.js[39m  [2m | [22m[2m-[22m                               [2m | [22m  [36m2.05 kB[39m[2m | [22m
[32mchunk-HKZYD5KR.js[39m  [2m | [22m[2m-[22m                               [2m | [22m  [36m1.62 kB[39m[2m | [22m
[32mchunk-BQV2QF3R.js[39m  [2m | [22m[2m-[22m                               [2m | [22m  [36m1.13 kB[39m[2m | [22m

[1m [22m                  [2m | [22m[1mInitial total[22m                   [2m | [22m[1m211.47 kB[22m

[1mLazy chunk files[22m   [2m | [22m[1mNames[22m                           [2m | [22m [1mRaw size[22m
[32mchunk-KS2TLU7H.js[39m  [2m | [22m[2mpublic-home-component[22m           [2m | [22m[36m195.09 kB[39m[2m | [22m
[32mchunk-S3ZH6LXV.js[39m  [2m | [22m[2m-[22m                               [2m | [22m [36m75.94 kB[39m[2m | [22m
[32mchunk-MPFW3ZFY.js[39m  [2m | [22m[2madmin-catalog-products-component[22m[2m | [22m [36m63.92 kB[39m[2m | [22m
[32mchunk-K5CTRUOW.js[39m  [2m | [22m[2madmin-quotes-component[22m          [2m | [22m [36m62.53 kB[39m[2m | [22m
[32mchunk-MCTD6S63.js[39m  [2m | [22m[2madmin-products-component[22m        [2m | [22m [36m58.50 kB[39m[2m | [22m
[32mchunk-JCPEHGWU.js[39m  [2m | [22m[2madmin-resources-component[22m       [2m | [22m [36m57.87 kB[39m[2m | [22m
[32mchunk-SZFKMYGL.js[39m  [2m | [22m[2madmin-visual-editor-component[22m   [2m | [22m [36m46.69 kB[39m[2m | [22m
[32mchunk-7LF7OBPF.js[39m  [2m | [22m[2madmin-layout-component[22m          [2m | [22m [36m44.53 kB[39m[2m | [22m
[32mchunk-CQFAE7RH.js[39m  [2m | [22m[2madmin-site-content-component[22m    [2m | [22m [36m43.40 kB[39m[2m | [22m
[32mchunk-42J7JIUP.js[39m  [2m | [22m[2madmin-articles-component[22m        [2m | [22m [36m37.83 kB[39m[2m | [22m
[32mchunk-SF2H77FF.js[39m  [2m | [22m[2madmin-settings-component[22m        [2m | [22m [36m29.70 kB[39m[2m | [22m
[32mchunk-CGP55OGJ.js[39m  [2m | [22m[2madmin-login-component[22m           [2m | [22m [36m28.32 kB[39m[2m | [22m
[32mchunk-FGEKBR2Y.js[39m  [2m | [22m[2madmin-origins-component[22m         [2m | [22m [36m27.49 kB[39m[2m | [22m
[32mchunk-3F6K5V4H.js[39m  [2m | [22m[2madmin-dashboard-component[22m       [2m | [22m [36m24.80 kB[39m[2m | [22m
[32mchunk-YMGZKPR6.js[39m  [2m | [22m[2madmin-messages-component[22m        [2m | [22m [36m17.39 kB[39m[2m | [22m
[2m...and 25 more lazy chunks files. Use "--verbose" to show all the files.[22m

Application bundle generation complete. [0.628 seconds] - 2026-05-05T14:59:23.398Z

[33m>[39m Changes detected. Rebuilding...
[32m√[39m Changes detected. Rebuilding...
[1mInitial chunk files[22m[2m | [22m[1mNames[22m                [2m | [22m [1mRaw size[22m
[32mmain.js[39m            [2m | [22m[2mmain[22m                 [2m | [22m [36m18.94 kB[39m[2m | [22m

[1mLazy chunk files[22m   [2m | [22m[1mNames[22m                [2m | [22m [1mRaw size[22m
[32mchunk-ISXCBOAK.js[39m  [2m | [22m[2mpublic-home-component[22m[2m | [22m[36m199.49 kB[39m[2m | [22m

Application bundle generation complete. [1.154 seconds] - 2026-05-05T14:59:44.648Z

Page reload sent to client(s).
[33m>[39m Changes detected. Rebuilding...
[32m√[39m Changes detected. Rebuilding...
[1mInitial chunk files[22m[2m | [22m[1mNames[22m                           [2m | [22m [1mRaw size[22m
[32mchunk-VYB2RSF5.js[39m  [2m | [22m[2m-[22m                               [2m | [22m [36m93.84 kB[39m[2m | [22m
[32mmain.js[39m            [2m | [22m[2mmain[22m                            [2m | [22m [36m18.94 kB[39m[2m | [22m
[32mchunk-BDB7GGQ3.js[39m  [2m | [22m[2m-[22m                               [2m | [22m  [36m2.05 kB[39m[2m | [22m

[1mLazy chunk files[22m   [2m | [22m[1mNames[22m                           [2m | [22m [1mRaw size[22m
[32mchunk-UCGO5TMJ.js[39m  [2m | [22m[2mpublic-home-component[22m           [2m | [22m[36m199.49 kB[39m[2m | [22m
[32mchunk-ZFRBQNUG.js[39m  [2m | [22m[2m-[22m                               [2m | [22m [36m75.94 kB[39m[2m | [22m
[32mchunk-BRXH3QQP.js[39m  [2m | [22m[2madmin-catalog-products-component[22m[2m | [22m [36m63.92 kB[39m[2m | [22m
[32mchunk-TLGUETOL.js[39m  [2m | [22m[2madmin-quotes-component[22m          [2m | [22m [36m62.53 kB[39m[2m | [22m
[32mchunk-O42QLLHP.js[39m  [2m | [22m[2madmin-products-component[22m        [2m | [22m [36m58.50 kB[39m[2m | [22m
[32mchunk-MY7U6KEO.js[39m  [2m | [22m[2madmin-resources-component[22m       [2m | [22m [36m57.87 kB[39m[2m | [22m
[32mchunk-YTYBZAJL.js[39m  [2m | [22m[2madmin-visual-editor-component[22m   [2m | [22m [36m46.69 kB[39m[2m | [22m
[32mchunk-JSGAAIBE.js[39m  [2m | [22m[2madmin-layout-component[22m          [2m | [22m [36m44.53 kB[39m[2m | [22m
[32mchunk-LUSJFQKC.js[39m  [2m | [22m[2madmin-site-content-component[22m    [2m | [22m [36m43.40 kB[39m[2m | [22m
[32mchunk-DLSNWG6U.js[39m  [2m | [22m[2madmin-articles-component[22m        [2m | [22m [36m37.83 kB[39m[2m | [22m
[32mchunk-BHXWTF3F.js[39m  [2m | [22m[2madmin-settings-component[22m        [2m | [22m [36m29.70 kB[39m[2m | [22m
[32mchunk-RS4TSSNO.js[39m  [2m | [22m[2madmin-origins-component[22m         [2m | [22m [36m27.49 kB[39m[2m | [22m
[32mchunk-DR5V5IJU.js[39m  [2m | [22m[2madmin-dashboard-component[22m       [2m | [22m [36m24.80 kB[39m[2m | [22m
[32mchunk-EUXZKXAE.js[39m  [2m | [22m[2madmin-messages-component[22m        [2m | [22m [36m17.39 kB[39m[2m | [22m
[32mchunk-BOIRB25B.js[39m  [2m | [22m[2madmin-newsletter-component[22m      [2m | [22m [36m16.81 kB[39m[2m | [22m
[2m...and 11 more lazy chunks files. Use "--verbose" to show all the files.[22m

Application bundle generation complete. [0.856 seconds] - 2026-05-05T15:00:04.746Z

Page reload sent to client(s).
[33m>[39m Changes detected. Rebuilding...
[32m√[39m Changes detected. Rebuilding...
[1mInitial chunk files[22m[2m | [22m[1mNames[22m                           [2m | [22m [1mRaw size[22m
[32mmain.js[39m            [2m | [22m[2mmain[22m                            [2m | [22m [36m18.94 kB[39m[2m | [22m

[1mLazy chunk files[22m   [2m | [22m[1mNames[22m                           [2m | [22m [1mRaw size[22m
[32mchunk-NNTIXK5X.js[39m  [2m | [22m[2mpublic-home-component[22m           [2m | [22m[36m199.49 kB[39m[2m | [22m
[32mchunk-RNKLBJCB.js[39m  [2m | [22m[2m-[22m                               [2m | [22m [36m75.70 kB[39m[2m | [22m
[32mchunk-DMBRMNWF.js[39m  [2m | [22m[2mcatalog-list-component[22m          [2m | [22m [36m15.55 kB[39m[2m | [22m
[32mchunk-MKNMXKGX.js[39m  [2m | [22m[2mquote-form-component[22m            [2m | [22m [36m14.71 kB[39m[2m | [22m
[32mchunk-SDJ4YTQ3.js[39m  [2m | [22m[2mblog-list-component[22m             [2m | [22m [36m13.64 kB[39m[2m | [22m
[32mchunk-4GZV4V6R.js[39m  [2m | [22m[2mcatalog-detail-component[22m        [2m | [22m [36m12.31 kB[39m[2m | [22m
[32mchunk-GBWCY2AW.js[39m  [2m | [22m[2mnewsletter-unsubscribe-component[22m[2m | [22m [36m10.45 kB[39m[2m | [22m
[32mchunk-LTJ5KJSQ.js[39m  [2m | [22m[2marticle-detail-component[22m        [2m | [22m  [36m7.96 kB[39m[2m | [22m
[32mchunk-Z64M545E.js[39m  [2m | [22m[2mnewsletter-confirm-component[22m    [2m | [22m  [36m5.89 kB[39m[2m | [22m
[32mchunk-5HNPIM4M.js[39m  [2m | [22m[2mstatic-page-component[22m           [2m | [22m  [36m5.55 kB[39m[2m | [22m

Application bundle generation complete. [1.098 seconds] - 2026-05-05T15:03:12.588Z

Page reload sent to client(s).
[33m>[39m Changes detected. Rebuilding...
[32m√[39m Changes detected. Rebuilding...
[1mInitial chunk files[22m[2m | [22m[1mNames[22m                           [2m | [22m [1mRaw size[22m
[32mmain.js[39m            [2m | [22m[2mmain[22m                            [2m | [22m [36m18.94 kB[39m[2m | [22m

[1mLazy chunk files[22m   [2m | [22m[1mNames[22m                           [2m | [22m [1mRaw size[22m
[32mchunk-E42VGYSG.js[39m  [2m | [22m[2mpublic-home-component[22m           [2m | [22m[36m199.49 kB[39m[2m | [22m
[32mchunk-T565W6FF.js[39m  [2m | [22m[2m-[22m                               [2m | [22m [36m75.70 kB[39m[2m | [22m
[32mchunk-P462WIGV.js[39m  [2m | [22m[2madmin-visual-editor-component[22m   [2m | [22m [36m46.69 kB[39m[2m | [22m
[32mchunk-ZY7IDVZD.js[39m  [2m | [22m[2madmin-site-content-component[22m    [2m | [22m [36m43.40 kB[39m[2m | [22m
[32mchunk-BC2SIWMQ.js[39m  [2m | [22m[2mcatalog-list-component[22m          [2m | [22m [36m15.55 kB[39m[2m | [22m
[32mchunk-4C2EC3AX.js[39m  [2m | [22m[2mquote-form-component[22m            [2m | [22m [36m14.71 kB[39m[2m | [22m
[32mchunk-AGMVARMT.js[39m  [2m | [22m[2mblog-list-component[22m             [2m | [22m [36m13.64 kB[39m[2m | [22m
[32mchunk-RS4XU7CI.js[39m  [2m | [22m[2mcatalog-detail-component[22m        [2m | [22m [36m12.31 kB[39m[2m | [22m
[32mchunk-PQJVGVWI.js[39m  [2m | [22m[2mnewsletter-unsubscribe-component[22m[2m | [22m [36m10.45 kB[39m[2m | [22m
[32mchunk-WIGYKNHF.js[39m  [2m | [22m[2m-[22m                               [2m | [22m [36m10.39 kB[39m[2m | [22m
[32mchunk-KWHMR7UM.js[39m  [2m | [22m[2marticle-detail-component[22m        [2m | [22m  [36m7.96 kB[39m[2m | [22m
[32mchunk-ZUZQVKRY.js[39m  [2m | [22m[2mnewsletter-confirm-component[22m    [2m | [22m  [36m5.89 kB[39m[2m | [22m
[32mchunk-DCPRQURD.js[39m  [2m | [22m[2mstatic-page-component[22m           [2m | [22m  [36m5.55 kB[39m[2m | [22m

Application bundle generation complete. [1.216 seconds] - 2026-05-05T15:05:21.917Z

Page reload sent to client(s).
[33m>[39m Changes detected. Rebuilding...
[32m√[39m Changes detected. Rebuilding...
[1mInitial chunk files[22m[2m | [22m[1mNames[22m                           [2m | [22m [1mRaw size[22m
[32mchunk-RDCMYZ2E.js[39m  [2m | [22m[2m-[22m                               [2m | [22m [36m93.86 kB[39m[2m | [22m
[32mmain.js[39m            [2m | [22m[2mmain[22m                            [2m | [22m [36m18.94 kB[39m[2m | [22m
[32mchunk-HUJ426Q5.js[39m  [2m | [22m[2m-[22m                               [2m | [22m  [36m2.05 kB[39m[2m | [22m

[1mLazy chunk files[22m   [2m | [22m[1mNames[22m                           [2m | [22m [1mRaw size[22m
[32mchunk-QNAHCKX5.js[39m  [2m | [22m[2mpublic-home-component[22m           [2m | [22m[36m199.49 kB[39m[2m | [22m
[32mchunk-LGDKBBR5.js[39m  [2m | [22m[2m-[22m                               [2m | [22m [36m75.70 kB[39m[2m | [22m
[32mchunk-VXRD6MVK.js[39m  [2m | [22m[2madmin-catalog-products-component[22m[2m | [22m [36m63.92 kB[39m[2m | [22m
[32mchunk-UKORBZWX.js[39m  [2m | [22m[2madmin-quotes-component[22m          [2m | [22m [36m62.53 kB[39m[2m | [22m
[32mchunk-ZX7Q55LI.js[39m  [2m | [22m[2madmin-products-component[22m        [2m | [22m [36m58.50 kB[39m[2m | [22m
[32mchunk-PCABEBB5.js[39m  [2m | [22m[2madmin-resources-component[22m       [2m | [22m [36m57.87 kB[39m[2m | [22m
[32mchunk-KX6D7YVP.js[39m  [2m | [22m[2madmin-visual-editor-component[22m   [2m | [22m [36m46.69 kB[39m[2m | [22m
[32mchunk-RUL4654O.js[39m  [2m | [22m[2madmin-layout-component[22m          [2m | [22m [36m44.53 kB[39m[2m | [22m
[32mchunk-G2OFKZ2D.js[39m  [2m | [22m[2madmin-site-content-component[22m    [2m | [22m [36m43.40 kB[39m[2m | [22m
[32mchunk-2I2VQQXX.js[39m  [2m | [22m[2madmin-articles-component[22m        [2m | [22m [36m37.83 kB[39m[2m | [22m
[32mchunk-2BNAHM3L.js[39m  [2m | [22m[2madmin-settings-component[22m        [2m | [22m [36m29.70 kB[39m[2m | [22m
[32mchunk-QMSGJYWT.js[39m  [2m | [22m[2madmin-origins-component[22m         [2m | [22m [36m27.49 kB[39m[2m | [22m
[32mchunk-YIGAIBRS.js[39m  [2m | [22m[2madmin-dashboard-component[22m       [2m | [22m [36m24.80 kB[39m[2m | [22m
[32mchunk-KVBOQWDT.js[39m  [2m | [22m[2madmin-messages-component[22m        [2m | [22m [36m17.39 kB[39m[2m | [22m
[32mchunk-62B5BIFI.js[39m  [2m | [22m[2madmin-newsletter-component[22m      [2m | [22m [36m16.81 kB[39m[2m | [22m
[2m...and 11 more lazy chunks files. Use "--verbose" to show all the files.[22m

Application bundle generation complete. [0.772 seconds] - 2026-05-05T15:05:31.017Z

Page reload sent to client(s).
[33m>[39m Changes detected. Rebuilding...
[32m√[39m Changes detected. Rebuilding...
[1mInitial chunk files[22m[2m | [22m[1mNames[22m[2m | [22m[1mRaw size[22m
[32mmain.js[39m            [2m | [22m[2mmain[22m [2m | [22m[36m18.94 kB[39m[2m | [22m

Application bundle generation complete. [0.616 seconds] - 2026-05-05T15:08:00.917Z

Page reload sent to client(s).
[33m>[39m Changes detected. Rebuilding...
[32m√[39m Changes detected. Rebuilding...
[1mInitial chunk files[22m[2m | [22m[1mNames[22m                [2m | [22m [1mRaw size[22m
[32mmain.js[39m            [2m | [22m[2mmain[22m                 [2m | [22m [36m18.94 kB[39m[2m | [22m

[1mLazy chunk files[22m   [2m | [22m[1mNames[22m                [2m | [22m [1mRaw size[22m
[32mchunk-E72GZF6Y.js[39m  [2m | [22m[2mpublic-home-component[22m[2m | [22m[36m199.52 kB[39m[2m | [22m

Application bundle generation complete. [1.057 seconds] - 2026-05-05T15:08:09.733Z

Component update sent to client(s).
[33m>[39m Changes detected. Rebuilding...
[32m√[39m Changes detected. Rebuilding...
[1mInitial chunk files[22m[2m | [22m[1mNames[22m                [2m | [22m [1mRaw size[22m
[32mmain.js[39m            [2m | [22m[2mmain[22m                 [2m | [22m [36m18.94 kB[39m[2m | [22m

[1mLazy chunk files[22m   [2m | [22m[1mNames[22m                [2m | [22m [1mRaw size[22m
[32mchunk-IVEV6KUR.js[39m  [2m | [22m[2mpublic-home-component[22m[2m | [22m[36m202.27 kB[39m[2m | [22m

Application bundle generation complete. [0.738 seconds] - 2026-05-05T15:08:36.068Z

Page reload sent to client(s).
[33m>[39m Changes detected. Rebuilding...
[32m√[39m Changes detected. Rebuilding...
[1mInitial chunk files[22m[2m | [22m[1mNames[22m                [2m | [22m [1mRaw size[22m
[32mmain.js[39m            [2m | [22m[2mmain[22m                 [2m | [22m [36m18.94 kB[39m[2m | [22m

[1mLazy chunk files[22m   [2m | [22m[1mNames[22m                [2m | [22m [1mRaw size[22m
[32mchunk-CEFTEUFY.js[39m  [2m | [22m[2mpublic-home-component[22m[2m | [22m[36m202.27 kB[39m[2m | [22m

Application bundle generation complete. [0.945 seconds] - 2026-05-05T15:09:33.322Z

Component update sent to client(s).
[33m>[39m Changes detected. Rebuilding...
[32m√[39m Changes detected. Rebuilding...
[1mInitial chunk files[22m[2m | [22m[1mNames[22m                [2m | [22m [1mRaw size[22m
[32mmain.js[39m            [2m | [22m[2mmain[22m                 [2m | [22m [36m18.94 kB[39m[2m | [22m

[1mLazy chunk files[22m   [2m | [22m[1mNames[22m                [2m | [22m [1mRaw size[22m
[32mchunk-RMDZKQLD.js[39m  [2m | [22m[2mpublic-home-component[22m[2m | [22m[36m202.20 kB[39m[2m | [22m

Application bundle generation complete. [1.099 seconds] - 2026-05-05T15:11:55.025Z

Page reload sent to client(s).
[33m>[39m Changes detected. Rebuilding...
[32m√[39m Changes detected. Rebuilding...
[1mInitial chunk files[22m[2m | [22m[1mNames[22m                           [2m | [22m [1mRaw size[22m
[32mchunk-DAXSNQYE.js[39m  [2m | [22m[2m-[22m                               [2m | [22m [36m93.72 kB[39m[2m | [22m
[32mmain.js[39m            [2m | [22m[2mmain[22m                            [2m | [22m [36m18.94 kB[39m[2m | [22m
[32mchunk-D2Z2M4XI.js[39m  [2m | [22m[2m-[22m                               [2m | [22m  [36m2.05 kB[39m[2m | [22m

[1mLazy chunk files[22m   [2m | [22m[1mNames[22m                           [2m | [22m [1mRaw size[22m
[32mchunk-HEJ7NFMA.js[39m  [2m | [22m[2mpublic-home-component[22m           [2m | [22m[36m202.20 kB[39m[2m | [22m
[32mchunk-Z2O677NS.js[39m  [2m | [22m[2m-[22m                               [2m | [22m [36m75.70 kB[39m[2m | [22m
[32mchunk-WOXOTZ7V.js[39m  [2m | [22m[2madmin-catalog-products-component[22m[2m | [22m [36m63.92 kB[39m[2m | [22m
[32mchunk-AAKZTX34.js[39m  [2m | [22m[2madmin-quotes-component[22m          [2m | [22m [36m62.53 kB[39m[2m | [22m
[32mchunk-N2EBDBIQ.js[39m  [2m | [22m[2madmin-products-component[22m        [2m | [22m [36m58.50 kB[39m[2m | [22m
[32mchunk-QWJQ4OLC.js[39m  [2m | [22m[2madmin-resources-component[22m       [2m | [22m [36m57.87 kB[39m[2m | [22m
[32mchunk-7UB6Q2UH.js[39m  [2m | [22m[2madmin-visual-editor-component[22m   [2m | [22m [36m46.69 kB[39m[2m | [22m
[32mchunk-DF3THLMG.js[39m  [2m | [22m[2madmin-layout-component[22m          [2m | [22m [36m44.53 kB[39m[2m | [22m
[32mchunk-W4H53ZKP.js[39m  [2m | [22m[2madmin-site-content-component[22m    [2m | [22m [36m43.40 kB[39m[2m | [22m
[32mchunk-WGNFVN5F.js[39m  [2m | [22m[2madmin-articles-component[22m        [2m | [22m [36m37.83 kB[39m[2m | [22m
[32mchunk-OTFKRFFV.js[39m  [2m | [22m[2madmin-settings-component[22m        [2m | [22m [36m29.70 kB[39m[2m | [22m
[32mchunk-J6ZZPZDQ.js[39m  [2m | [22m[2madmin-origins-component[22m         [2m | [22m [36m27.49 kB[39m[2m | [22m
[32mchunk-2GV3YNTY.js[39m  [2m | [22m[2madmin-dashboard-component[22m       [2m | [22m [36m24.80 kB[39m[2m | [22m
[32mchunk-5KPK4DBF.js[39m  [2m | [22m[2madmin-messages-component[22m        [2m | [22m [36m17.39 kB[39m[2m | [22m
[32mchunk-VROJLG5C.js[39m  [2m | [22m[2madmin-newsletter-component[22m      [2m | [22m [36m16.81 kB[39m[2m | [22m
[2m...and 11 more lazy chunks files. Use "--verbose" to show all the files.[22m

Application bundle generation complete. [0.923 seconds] - 2026-05-05T15:12:39.978Z

Page reload sent to client(s).
[33m>[39m Changes detected. Rebuilding...
[32m√[39m Changes detected. Rebuilding...
[1mInitial chunk files[22m[2m | [22m[1mNames[22m                    [2m | [22m[1mRaw size[22m
[32mmain.js[39m            [2m | [22m[2mmain[22m                     [2m | [22m[36m18.94 kB[39m[2m | [22m

[1mLazy chunk files[22m   [2m | [22m[1mNames[22m                    [2m | [22m[1mRaw size[22m
[32mchunk-GFLLFCUR.js[39m  [2m | [22m[2madmin-dashboard-component[22m[2m | [22m[36m25.32 kB[39m[2m | [22m

Application bundle generation complete. [0.750 seconds] - 2026-05-05T15:25:11.480Z

Page reload sent to client(s).
[33m>[39m Changes detected. Rebuilding...
[32m√[39m Changes detected. Rebuilding...
[1mInitial chunk files[22m[2m | [22m[1mNames[22m                       [2m | [22m[1mRaw size[22m
[32mmain.js[39m            [2m | [22m[2mmain[22m                        [2m | [22m[36m18.94 kB[39m[2m | [22m

[1mLazy chunk files[22m   [2m | [22m[1mNames[22m                       [2m | [22m[1mRaw size[22m
[32mchunk-RJGED2BO.js[39m  [2m | [22m[2madmin-site-content-component[22m[2m | [22m[36m44.82 kB[39m[2m | [22m

Application bundle generation complete. [0.704 seconds] - 2026-05-05T15:25:25.678Z

Page reload sent to client(s).
[33m>[39m Changes detected. Rebuilding...
[32m√[39m Changes detected. Rebuilding...
[1mInitial chunk files[22m[2m | [22m[1mNames[22m                [2m | [22m [1mRaw size[22m
[32mmain.js[39m            [2m | [22m[2mmain[22m                 [2m | [22m [36m18.94 kB[39m[2m | [22m

[1mLazy chunk files[22m   [2m | [22m[1mNames[22m                [2m | [22m [1mRaw size[22m
[32mchunk-CE2EP4FE.js[39m  [2m | [22m[2mpublic-home-component[22m[2m | [22m[36m202.81 kB[39m[2m | [22m

Application bundle generation complete. [0.777 seconds] - 2026-05-05T15:25:39.301Z

Page reload sent to client(s).
[33m>[39m Changes detected. Rebuilding...
[32m√[39m Changes detected. Rebuilding...
[1mInitial chunk files[22m[2m | [22m[1mNames[22m                           [2m | [22m [1mRaw size[22m
[32mchunk-AQ432GAN.js[39m  [2m | [22m[2m-[22m                               [2m | [22m [36m94.29 kB[39m[2m | [22m
[32mmain.js[39m            [2m | [22m[2mmain[22m                            [2m | [22m [36m18.94 kB[39m[2m | [22m
[32mchunk-TK2CHQ7E.js[39m  [2m | [22m[2m-[22m                               [2m | [22m  [36m2.05 kB[39m[2m | [22m

[1mLazy chunk files[22m   [2m | [22m[1mNames[22m                           [2m | [22m [1mRaw size[22m
[32mchunk-BJUPJD7U.js[39m  [2m | [22m[2mpublic-home-component[22m           [2m | [22m[36m202.81 kB[39m[2m | [22m
[32mchunk-NVMENZXL.js[39m  [2m | [22m[2m-[22m                               [2m | [22m [36m75.70 kB[39m[2m | [22m
[32mchunk-PHPDBA7W.js[39m  [2m | [22m[2madmin-catalog-products-component[22m[2m | [22m [36m63.92 kB[39m[2m | [22m
[32mchunk-SZUP3UJO.js[39m  [2m | [22m[2madmin-quotes-component[22m          [2m | [22m [36m62.53 kB[39m[2m | [22m
[32mchunk-7RFODIQG.js[39m  [2m | [22m[2madmin-products-component[22m        [2m | [22m [36m58.50 kB[39m[2m | [22m
[32mchunk-KYE3JUDZ.js[39m  [2m | [22m[2madmin-resources-component[22m       [2m | [22m [36m57.87 kB[39m[2m | [22m
[32mchunk-NNZN5PLK.js[39m  [2m | [22m[2madmin-visual-editor-component[22m   [2m | [22m [36m46.69 kB[39m[2m | [22m
[32mchunk-P4WAVNTB.js[39m  [2m | [22m[2madmin-site-content-component[22m    [2m | [22m [36m44.82 kB[39m[2m | [22m
[32mchunk-NRWWML5M.js[39m  [2m | [22m[2madmin-layout-component[22m          [2m | [22m [36m44.53 kB[39m[2m | [22m
[32mchunk-7S7AV7R4.js[39m  [2m | [22m[2madmin-articles-component[22m        [2m | [22m [36m37.83 kB[39m[2m | [22m
[32mchunk-XSRE36XA.js[39m  [2m | [22m[2madmin-settings-component[22m        [2m | [22m [36m29.70 kB[39m[2m | [22m
[32mchunk-AOWCMLYR.js[39m  [2m | [22m[2madmin-origins-component[22m         [2m | [22m [36m27.49 kB[39m[2m | [22m
[32mchunk-3ARVMKEG.js[39m  [2m | [22m[2madmin-dashboard-component[22m       [2m | [22m [36m25.32 kB[39m[2m | [22m
[32mchunk-ITDGA4GL.js[39m  [2m | [22m[2madmin-messages-component[22m        [2m | [22m [36m17.39 kB[39m[2m | [22m
[32mchunk-KQMRFRV2.js[39m  [2m | [22m[2madmin-newsletter-component[22m      [2m | [22m [36m16.81 kB[39m[2m | [22m
[2m...and 11 more lazy chunks files. Use "--verbose" to show all the files.[22m

Application bundle generation complete. [0.635 seconds] - 2026-05-05T15:26:12.318Z

Page reload sent to client(s).
[33m>[39m Changes detected. Rebuilding...
[32m√[39m Changes detected. Rebuilding...
[1mInitial chunk files[22m[2m | [22m[1mNames[22m                           [2m | [22m [1mRaw size[22m
[32mchunk-KM3YT2Q5.js[39m  [2m | [22m[2m-[22m                               [2m | [22m [36m94.67 kB[39m[2m | [22m
[32mmain.js[39m            [2m | [22m[2mmain[22m                            [2m | [22m [36m18.94 kB[39m[2m | [22m
[32mchunk-JFRB2GBV.js[39m  [2m | [22m[2m-[22m                               [2m | [22m  [36m2.05 kB[39m[2m | [22m

[1mLazy chunk files[22m   [2m | [22m[1mNames[22m                           [2m | [22m [1mRaw size[22m
[32mchunk-45Y7DFDI.js[39m  [2m | [22m[2mpublic-home-component[22m           [2m | [22m[36m202.81 kB[39m[2m | [22m
[32mchunk-66BIATJ5.js[39m  [2m | [22m[2m-[22m                               [2m | [22m [36m75.70 kB[39m[2m | [22m
[32mchunk-SK2OWNCU.js[39m  [2m | [22m[2madmin-catalog-products-component[22m[2m | [22m [36m63.92 kB[39m[2m | [22m
[32mchunk-UEYVEKLF.js[39m  [2m | [22m[2madmin-quotes-component[22m          [2m | [22m [36m62.53 kB[39m[2m | [22m
[32mchunk-XNFZ6VOW.js[39m  [2m | [22m[2madmin-products-component[22m        [2m | [22m [36m58.50 kB[39m[2m | [22m
[32mchunk-6C32QNO7.js[39m  [2m | [22m[2madmin-resources-component[22m       [2m | [22m [36m57.87 kB[39m[2m | [22m
[32mchunk-SHFRCTYA.js[39m  [2m | [22m[2madmin-visual-editor-component[22m   [2m | [22m [36m46.69 kB[39m[2m | [22m
[32mchunk-DFLFMIIJ.js[39m  [2m | [22m[2madmin-site-content-component[22m    [2m | [22m [36m44.82 kB[39m[2m | [22m
[32mchunk-6V5DRMCV.js[39m  [2m | [22m[2madmin-layout-component[22m          [2m | [22m [36m44.53 kB[39m[2m | [22m
[32mchunk-BFW7ANDL.js[39m  [2m | [22m[2madmin-articles-component[22m        [2m | [22m [36m37.83 kB[39m[2m | [22m
[32mchunk-RNJY5KHO.js[39m  [2m | [22m[2madmin-settings-component[22m        [2m | [22m [36m29.70 kB[39m[2m | [22m
[32mchunk-3KMD34IG.js[39m  [2m | [22m[2madmin-origins-component[22m         [2m | [22m [36m27.49 kB[39m[2m | [22m
[32mchunk-H4JF42BN.js[39m  [2m | [22m[2madmin-dashboard-component[22m       [2m | [22m [36m25.32 kB[39m[2m | [22m
[32mchunk-Q4Q3FW4A.js[39m  [2m | [22m[2madmin-messages-component[22m        [2m | [22m [36m17.39 kB[39m[2m | [22m
[32mchunk-P43X35YB.js[39m  [2m | [22m[2madmin-newsletter-component[22m      [2m | [22m [36m16.81 kB[39m[2m | [22m
[2m...and 11 more lazy chunks files. Use "--verbose" to show all the files.[22m

Application bundle generation complete. [0.580 seconds] - 2026-05-05T15:26:21.164Z

Page reload sent to client(s).
[33m>[39m Changes detected. Rebuilding...
[32m√[39m Changes detected. Rebuilding...
[1mInitial chunk files[22m[2m | [22m[1mNames[22m                           [2m | [22m [1mRaw size[22m
[32mchunk-WBGUGDHA.js[39m  [2m | [22m[2m-[22m                               [2m | [22m [36m96.70 kB[39m[2m | [22m
[32mmain.js[39m            [2m | [22m[2mmain[22m                            [2m | [22m [36m18.94 kB[39m[2m | [22m
[32mchunk-SB62J4JU.js[39m  [2m | [22m[2m-[22m                               [2m | [22m  [36m2.05 kB[39m[2m | [22m

[1mLazy chunk files[22m   [2m | [22m[1mNames[22m                           [2m | [22m [1mRaw size[22m
[32mchunk-WOQAAXJT.js[39m  [2m | [22m[2mpublic-home-component[22m           [2m | [22m[36m202.81 kB[39m[2m | [22m
[32mchunk-WP2MSCH5.js[39m  [2m | [22m[2m-[22m                               [2m | [22m [36m75.70 kB[39m[2m | [22m
[32mchunk-QWAEBLHI.js[39m  [2m | [22m[2madmin-catalog-products-component[22m[2m | [22m [36m63.92 kB[39m[2m | [22m
[32mchunk-QHMLQYXK.js[39m  [2m | [22m[2madmin-quotes-component[22m          [2m | [22m [36m62.53 kB[39m[2m | [22m
[32mchunk-FET5BJRI.js[39m  [2m | [22m[2madmin-products-component[22m        [2m | [22m [36m58.50 kB[39m[2m | [22m
[32mchunk-J64WSWGI.js[39m  [2m | [22m[2madmin-resources-component[22m       [2m | [22m [36m57.87 kB[39m[2m | [22m
[32mchunk-EEH7GHCR.js[39m  [2m | [22m[2madmin-visual-editor-component[22m   [2m | [22m [36m46.69 kB[39m[2m | [22m
[32mchunk-NFHSZRZG.js[39m  [2m | [22m[2madmin-site-content-component[22m    [2m | [22m [36m44.82 kB[39m[2m | [22m
[32mchunk-7AQMGWS5.js[39m  [2m | [22m[2madmin-layout-component[22m          [2m | [22m [36m44.53 kB[39m[2m | [22m
[32mchunk-GMVWBV7Y.js[39m  [2m | [22m[2madmin-articles-component[22m        [2m | [22m [36m37.83 kB[39m[2m | [22m
[32mchunk-S5MIGQGN.js[39m  [2m | [22m[2madmin-settings-component[22m        [2m | [22m [36m29.70 kB[39m[2m | [22m
[32mchunk-GEDOTVWX.js[39m  [2m | [22m[2madmin-origins-component[22m         [2m | [22m [36m27.49 kB[39m[2m | [22m
[32mchunk-3TAQQ37D.js[39m  [2m | [22m[2madmin-dashboard-component[22m       [2m | [22m [36m25.32 kB[39m[2m | [22m
[32mchunk-JORZ2FM3.js[39m  [2m | [22m[2madmin-messages-component[22m        [2m | [22m [36m17.39 kB[39m[2m | [22m
[32mchunk-YN2VSS6N.js[39m  [2m | [22m[2madmin-newsletter-component[22m      [2m | [22m [36m16.81 kB[39m[2m | [22m
[2m...and 11 more lazy chunks files. Use "--verbose" to show all the files.[22m

Application bundle generation complete. [0.568 seconds] - 2026-05-05T15:26:46.169Z

Page reload sent to client(s).
[33m>[39m Changes detected. Rebuilding...
[32m√[39m Changes detected. Rebuilding...
[1mInitial chunk files[22m[2m | [22m[1mNames[22m                           [2m | [22m [1mRaw size[22m
[32mchunk-TDQTKNV4.js[39m  [2m | [22m[2m-[22m                               [2m | [22m [36m97.61 kB[39m[2m | [22m
[32mmain.js[39m            [2m | [22m[2mmain[22m                            [2m | [22m [36m18.94 kB[39m[2m | [22m
[32mchunk-PGPXQHKT.js[39m  [2m | [22m[2m-[22m                               [2m | [22m  [36m2.05 kB[39m[2m | [22m

[1mLazy chunk files[22m   [2m | [22m[1mNames[22m                           [2m | [22m [1mRaw size[22m
[32mchunk-CGLEAEYU.js[39m  [2m | [22m[2mpublic-home-component[22m           [2m | [22m[36m202.81 kB[39m[2m | [22m
[32mchunk-ORBD5ONU.js[39m  [2m | [22m[2m-[22m                               [2m | [22m [36m75.70 kB[39m[2m | [22m
[32mchunk-J2MCI7EJ.js[39m  [2m | [22m[2madmin-catalog-products-component[22m[2m | [22m [36m63.92 kB[39m[2m | [22m
[32mchunk-ONFYKLJY.js[39m  [2m | [22m[2madmin-quotes-component[22m          [2m | [22m [36m62.53 kB[39m[2m | [22m
[32mchunk-DQWKAKPY.js[39m  [2m | [22m[2madmin-products-component[22m        [2m | [22m [36m58.50 kB[39m[2m | [22m
[32mchunk-GDYXHFD5.js[39m  [2m | [22m[2madmin-resources-component[22m       [2m | [22m [36m57.87 kB[39m[2m | [22m
[32mchunk-KQMZFLV5.js[39m  [2m | [22m[2madmin-visual-editor-component[22m   [2m | [22m [36m46.69 kB[39m[2m | [22m
[32mchunk-FCB3LCHG.js[39m  [2m | [22m[2madmin-site-content-component[22m    [2m | [22m [36m44.82 kB[39m[2m | [22m
[32mchunk-7KSSSUGS.js[39m  [2m | [22m[2madmin-layout-component[22m          [2m | [22m [36m44.53 kB[39m[2m | [22m
[32mchunk-TDTPQ63B.js[39m  [2m | [22m[2madmin-articles-component[22m        [2m | [22m [36m37.83 kB[39m[2m | [22m
[32mchunk-T3OTNOKF.js[39m  [2m | [22m[2madmin-settings-component[22m        [2m | [22m [36m29.70 kB[39m[2m | [22m
[32mchunk-FRXTX6AS.js[39m  [2m | [22m[2madmin-origins-component[22m         [2m | [22m [36m27.49 kB[39m[2m | [22m
[32mchunk-2PUML7FQ.js[39m  [2m | [22m[2madmin-dashboard-component[22m       [2m | [22m [36m25.32 kB[39m[2m | [22m
[32mchunk-KI3VQGPA.js[39m  [2m | [22m[2madmin-messages-component[22m        [2m | [22m [36m17.39 kB[39m[2m | [22m
[32mchunk-ONWJAYES.js[39m  [2m | [22m[2madmin-newsletter-component[22m      [2m | [22m [36m16.81 kB[39m[2m | [22m
[2m...and 11 more lazy chunks files. Use "--verbose" to show all the files.[22m

Application bundle generation complete. [0.498 seconds] - 2026-05-05T15:26:56.915Z

Page reload sent to client(s).
[33m>[39m Changes detected. Rebuilding...
[32m√[39m Changes detected. Rebuilding...
[1mInitial chunk files[22m[2m | [22m[1mNames[22m                [2m | [22m [1mRaw size[22m
[32mmain.js[39m            [2m | [22m[2mmain[22m                 [2m | [22m [36m18.94 kB[39m[2m | [22m

[1mLazy chunk files[22m   [2m | [22m[1mNames[22m                [2m | [22m [1mRaw size[22m
[32mchunk-2GK6JNDU.js[39m  [2m | [22m[2mpublic-home-component[22m[2m | [22m[36m201.52 kB[39m[2m | [22m

Application bundle generation complete. [0.815 seconds] - 2026-05-05T15:35:18.555Z

Component update sent to client(s).
